[1/1326] Generating project_elf_src_esp32s3.c
[2/1326] Generating /home/jakub/esp/esp-thread-br/examples/basic_thread_border_router/build/esp-idf/esp_system/ld/memory.ld linker script...
[3/1326] Generating /home/jakub/esp/esp-thread-br/examples/basic_thread_border_router/build/esp-idf/esp_system/ld/sections.ld.in linker script...
[4/1326] Generating ../../ota_data_initial.bin
[5/1326] cd /home/jakub/esp/esp-thread-br/examples/basic_thread_border_router/build/esp-idf/espressif__esp_rcp_update && /home/jakub/.espressif/python_env/idf5.2_py3.12_env/bin/python /home/jakub/esp/esp-thread-br/examples/basic_thread_border_router/managed_components/espressif__esp_rcp_update/create_ota_image.py --rcp-build-dir /home/jakub/esp/esp-idf/examples/openthread/ot_rcp/build --target-file /home/jakub/esp/esp-thread-br/examples/basic_thread_border_router/build/esp-idf/espressif__esp_rcp_update/spiffs_image/ot_rcp_0/rcp_image
FAILED: esp-idf/espressif__esp_rcp_update/CMakeFiles/rcp_image_generation /home/jakub/esp/esp-thread-br/examples/basic_thread_border_router/build/esp-idf/espressif__esp_rcp_update/CMakeFiles/rcp_image_generation 
cd /home/jakub/esp/esp-thread-br/examples/basic_thread_border_router/build/esp-idf/espressif__esp_rcp_update && /home/jakub/.espressif/python_env/idf5.2_py3.12_env/bin/python /home/jakub/esp/esp-thread-br/examples/basic_thread_border_router/managed_components/espressif__esp_rcp_update/create_ota_image.py --rcp-build-dir /home/jakub/esp/esp-idf/examples/openthread/ot_rcp/build --target-file /home/jakub/esp/esp-thread-br/examples/basic_thread_border_router/build/esp-idf/espressif__esp_rcp_update/spiffs_image/ot_rcp_0/rcp_image
Traceback (most recent call last):
  File "/home/jakub/esp/esp-thread-br/examples/basic_thread_border_router/managed_components/espressif__esp_rcp_update/create_ota_image.py", line 94, in <module>
    main()
  File "/home/jakub/esp/esp-thread-br/examples/basic_thread_border_router/managed_components/espressif__esp_rcp_update/create_ota_image.py", line 73, in main
    fout, FILETAG_RCP_VERSION, os.path.getsize(rcp_version_path), offset)
                               ^^^^^^^^^^^^^^^^^^^^^^^^^^^^^^^^^
  File "<frozen genericpath>", line 62, in getsize
FileNotFoundError: [Errno 2] No such file or directory: '/home/jakub/esp/esp-idf/examples/openthread/ot_rcp/build/rcp_version'
[6/1326] Building C object esp-idf/mbedtls/mbedtls/3rdparty/everest/CMakeFiles/everest.dir/library/Hacl_Curve25519_joined.c.obj
[7/1326] cd /home/jakub/esp/esp-thread-br/examples/basic_thread_border_router/build/esp-idf/esp_ot_br_server && /home/jakub/.espressif/python_env/idf5.2_py3.12_env/bin/python /home/jakub/esp/esp-idf/components/spiffs/spiffsgen.py 0x19000 /home/jakub/esp/esp-thread-br/components/esp_ot_br_server/frontend /home/jakub/esp/esp-thread-br/examples/basic_thread_border_router/build/web_storage.bin --page-size=256 --obj-name-len=32 --meta-len=4 --use-magic --use-magic-len
[8/1326] Building C object esp-idf/mbedtls/mbedtls/3rdparty/everest/CMakeFiles/everest.dir/library/x25519.c.obj
[9/1326] Building C object esp-idf/mbedtls/mbedtls/3rdparty/everest/CMakeFiles/everest.dir/library/everest.c.obj
[10/1326] Building C object esp-idf/mbedtls/mbedtls/3rdparty/p256-m/CMakeFiles/p256m.dir/p256-m/p256-m.c.obj
[11/1326] Building C object esp-idf/mbedtls/mbedtls/library/CMakeFiles/mbedcrypto.dir/aesni.c.obj
[12/1326] Building C object esp-idf/mbedtls/mbedtls/3rdparty/p256-m/CMakeFiles/p256m.dir/p256-m_driver_entrypoints.c.obj
[13/1326] Generating ../../partition_table/partition-table.bin
Partition table binary generated. Contents:
*******************************************************************************
# ESP-IDF Partition Table
# Name, Type, SubType, Offset, Size, Flags
nvs,data,nvs,0x9000,24K,
otadata,data,ota,0xf000,8K,
phy_init,data,phy,0x11000,4K,
ota_0,app,ota_0,0x20000,1600K,
ota_1,app,ota_1,0x1b0000,1600K,
web_storage,data,spiffs,0x340000,100K,
rcp_fw,data,spiffs,0x359000,640K,
*******************************************************************************
[14/1326] Building C object esp-idf/mbedtls/mbedtls/library/CMakeFiles/mbedcrypto.dir/aes.c.obj
ninja: build stopped: subcommand failed.
